<?xml version="1.0" encoding="UTF-8"?>
<testsuite xmlns:xsi="http://www.w3.org/2001/XMLSchema-instance" xsi:noNamespaceSchemaLocation="https://maven.apache.org/surefire/maven-surefire-plugin/xsd/surefire-test-report-3.0.xsd" version="3.0" name="sl.amberpay.coreapi.rails.RailControllerTest" time="12.419" tests="2" errors="0" skipped="0" failures="0">
  <properties>
[...]
</properties>
  <testcase name="railStatusReportsHealth" classname="sl.amberpay.coreapi.rails.RailControllerTest" time="1.812">
    <system-out><![CDATA[02:33:16.647 [main] INFO org.springframework.test.context.support.AnnotationConfigContextLoaderUtils -- Could not detect default configuration classes for test class [sl.amberpay.coreapi.rails.RailControllerTest]: RailControllerTest does not declare any static, non-private, non-final, nested classes annotated with @Configuration.
02:33:17.071 [main] INFO org.springframework.boot.test.context.SpringBootTestContextBootstrapper -- Found @SpringBootConfiguration sl.amberpay.coreapi.CoreApiApplication for test class sl.amberpay.coreapi.rails.RailControllerTest

  .   ____          _            __ _ _
 /\\ / ___'_ __ _ _(_)_ __  __ _ \ \ \ \
( ( )\___ | '_ | '_| | '_ \/ _` | \ \ \ \
 \\/  ___)| |_)| | | | | || (_| |  ) ) ) )
  '  |____| .__|_| |_|_| |_\__, | / / / /
 =========|_|==============|___/=/_/_/_/

 :: Spring Boot ::                (v3.3.4)

2026-09-13T02:33:18.546Z  INFO 29212 --- [amber-core-api] [           main] s.a.coreapi.rails.RailControllerTest     : Starting RailControllerTest using Java 21.0.8 with PID 29212 (started by FOUAD in C:\Users\FOUAD\Desktop\AMBER PAY\core-api)
2026-09-13T02:33:18.549Z  INFO 29212 --- [amber-core-api] [           main] s.a.coreapi.rails.RailControllerTest     : No active profile set, falling back to 1 default profile: "default"
2026-09-13T02:33:25.836Z  INFO 29212 --- [amber-core-api] [           main] o.s.b.t.m.w.SpringBootMockServletContext : Initializing Spring TestDispatcherServlet ''
2026-09-13T02:33:25.836Z  INFO 29212 --- [amber-core-api] [           main] o.s.t.web.servlet.TestDispatcherServlet  : Initializing Servlet ''
2026-09-13T02:33:25.882Z  INFO 29212 --- [amber-core-api] [           main] o.s.b.a.e.web.EndpointLinksResolver      : Exposing 2 endpoints beneath base path '/actuator'
2026-09-13T02:33:25.920Z  INFO 29212 --- [amber-core-api] [           main] o.s.t.web.servlet.TestDispatcherServlet  : Completed initialization in 80 ms
2026-09-13T02:33:26.119Z  INFO 29212 --- [amber-core-api] [           main] s.a.coreapi.rails.RailControllerTest     : Started RailControllerTest in 8.689 seconds (process running for 11.47)
]]></system-out>
    <system-err><![CDATA[WARNING: A Java agent has been loaded dynamically (C:\Users\FOUAD\.m2\repository\net\bytebuddy\byte-buddy-agent\1.14.19\byte-buddy-agent-1.14.19.jar)
WARNING: If a serviceability tool is in use, please run with -XX:+EnableDynamicAgentLoading to hide this warning
WARNING: If a serviceability tool is not in use, please run with -Djdk.instrument.traceUsage for more information
WARNING: Dynamic loading of agents will be disallowed by default in a future release
]]></system-err>
  </testcase>
  <testcase name="railCallbackAccepted" classname="sl.amberpay.coreapi.rails.RailControllerTest" time="0.196"/>
</testsuite>